<?xml version="1.0"?>
<function>
  // Empty string
  <testbench Pd458="{128,0,0,0,0,0,0,0,0,0,0,0,0,0,0,0}" Pd459="{0,0,0,0}"/>
</function>
